#
# A fatal error has been detected by the Java Runtime Environment:
#
#  EXCEPTION_ACCESS_VIOLATION (0xc0000005) at pc=0x000000000f13f350, pid=15700, tid=9760
#
# JRE version: OpenJDK Runtime Environment (11.0.6+8) (build 11.0.6+8-b520.43)
# Java VM: OpenJDK 64-Bit Server VM (11.0.6+8-b520.43, mixed mode, sharing, tiered, compressed oops, g1 gc, windows-amd64)
# Problematic frame:
# C  0x000000000f13f350
#
# No core dump will be written. Minidumps are not enabled by default on client versions of Windows
#
# If you would like to submit a bug report, please visit:
#   http://bugreport.java.com/bugreport/crash.jsp
#

---------------  S U M M A R Y ------------

Command Line: -Dfile.encoding=x-windows-949 -Duser.country=KR -Duser.language=ko -Duser.variant ItsTime5.Application

Host: Intel(R) Core(TM) i7-1065G7 CPU @ 1.30GHz, 8 cores, 7G,  Windows 10 , 64 bit Build 19041 (10.0.19041.1706)
Time: Tue Jun 14 00:55:48 2022 대한민국 표준시 elapsed time: 13 seconds (0d 0h 0m 13s)

---------------  T H R E A D  ---------------

Current thread (0x00000294ff04f000):  JavaThread "C2 CompilerThread1" daemon [_thread_in_native, id=9760, stack(0x000000ea94900000,0x000000ea94a00000)]


Current CompileTask:
C2:  13561 5724       4       org.springframework.boot.context.properties.source.SpringConfigurationPropertySources$SourcesIterator::fetchNext (138 bytes)

Stack: [0x000000ea94900000,0x000000ea94a00000],  sp=0x000000ea949fafb8,  free space=1003k
Native frames: (J=compiled Java code, j=interpreted, Vv=VM code, C=native code)
C  0x000000000f13f350


siginfo: EXCEPTION_ACCESS_VIOLATION (0xc0000005), data execution prevention violation at address 0x000000000f13f350


Register to memory mapping:

RIP=0x000000000f13f350 is an unknown value
RAX=0x00007ffbd05bb288 jvm.dll
RBX=0x00000294849712b0 points into unknown readable memory: 88 b2 5b d0 fb 7f 00 00
RCX=0x00000294849712b0 points into unknown readable memory: 88 b2 5b d0 fb 7f 00 00
RDX=0x0000029480abaa58 points into unknown readable memory: 58 ea 9f 94 ea 00 00 00
RSP=0x000000ea949fafb8 is pointing into the stack for thread: 0x00000294ff04f000
RBP=0x000000ea949fb018 is pointing into the stack for thread: 0x00000294ff04f000
RSI=0x000000ea949fdee0 is pointing into the stack for thread: 0x00000294ff04f000
RDI=0x0000029484971300 points into unknown readable memory: 30 8a 63 d0 fb 7f 00 00
R8 =0x000000ea949febe8 is pointing into the stack for thread: 0x00000294ff04f000
R9 =0x0 is NULL
R10=0x0000000000000003 is an unknown value
R11=0x0000029480aba928 points into unknown readable memory: e8 d9 65 d0 fb 7f 00 00
R12=0x0000029484971300 points into unknown readable memory: 30 8a 63 d0 fb 7f 00 00
R13=0x0000029484971180 points into unknown readable memory: c0 0b 5f d0 fb 7f 00 00
R14=0x0 is NULL
R15=0x000000ea949fdee0 is pointing into the stack for thread: 0x00000294ff04f000


Registers:
RAX=0x00007ffbd05bb288, RBX=0x00000294849712b0, RCX=0x00000294849712b0, RDX=0x0000029480abaa58
RSP=0x000000ea949fafb8, RBP=0x000000ea949fb018, RSI=0x000000ea949fdee0, RDI=0x0000029484971300
R8 =0x000000ea949febe8, R9 =0x0000000000000000, R10=0x0000000000000003, R11=0x0000029480aba928
R12=0x0000029484971300, R13=0x0000029484971180, R14=0x0000000000000000, R15=0x000000ea949fdee0
RIP=0x000000000f13f350, EFLAGS=0x0000000000010202

Top of Stack: (sp=0x000000ea949fafb8)
0x000000ea949fafb8:   00007ffbd0374688 00000294849712b0
0x000000ea949fafc8:   000000ea949fb018 000000ea949fdee0
0x000000ea949fafd8:   0000029484971300 0000000000000000
0x000000ea949fafe8:   00007ffbd0370070 0000000000000050
0x000000ea949faff8:   0000029484971300 000000ea949fdee0
0x000000ea949fb008:   0000029480aba780 000000ea949fdee0
0x000000ea949fb018:   00000294849712b0 0000029480ee1aa8
0x000000ea949fb028:   0000000000000000 00007ffbd05ea600
0x000000ea949fb038:   0000029480aba928 0000000000000000
0x000000ea949fb048:   00007ffbd036ee89 0000000000000000
0x000000ea949fb058:   0000029484971300 0000000000000000
0x000000ea949fb068:   0000029484971300 0000000000000050
0x000000ea949fb078:   0000029480ee1aa8 000000ea949fb220
0x000000ea949fb088:   00000294849711e0 0000000000000003
0x000000ea949fb098:   000000ea949fdee0 0000000000000000
0x000000ea949fb0a8:   00007ffbd03fbe4e 0000029484971300 

Instructions: (pc=0x000000000f13f350)
0x000000000f13f250:   ?? ?? ?? ?? ?? ?? ?? ?? ?? ?? ?? ?? ?? ?? ?? ??
0x000000000f13f260:   ?? ?? ?? ?? ?? ?? ?? ?? ?? ?? ?? ?? ?? ?? ?? ??
0x000000000f13f270:   ?? ?? ?? ?? ?? ?? ?? ?? ?? ?? ?? ?? ?? ?? ?? ??
0x000000000f13f280:   ?? ?? ?? ?? ?? ?? ?? ?? ?? ?? ?? ?? ?? ?? ?? ??
0x000000000f13f290:   ?? ?? ?? ?? ?? ?? ?? ?? ?? ?? ?? ?? ?? ?? ?? ??
0x000000000f13f2a0:   ?? ?? ?? ?? ?? ?? ?? ?? ?? ?? ?? ?? ?? ?? ?? ??
0x000000000f13f2b0:   ?? ?? ?? ?? ?? ?? ?? ?? ?? ?? ?? ?? ?? ?? ?? ??
0x000000000f13f2c0:   ?? ?? ?? ?? ?? ?? ?? ?? ?? ?? ?? ?? ?? ?? ?? ??
0x000000000f13f2d0:   ?? ?? ?? ?? ?? ?? ?? ?? ?? ?? ?? ?? ?? ?? ?? ??
0x000000000f13f2e0:   ?? ?? ?? ?? ?? ?? ?? ?? ?? ?? ?? ?? ?? ?? ?? ??
0x000000000f13f2f0:   ?? ?? ?? ?? ?? ?? ?? ?? ?? ?? ?? ?? ?? ?? ?? ??
0x000000000f13f300:   ?? ?? ?? ?? ?? ?? ?? ?? ?? ?? ?? ?? ?? ?? ?? ??
0x000000000f13f310:   ?? ?? ?? ?? ?? ?? ?? ?? ?? ?? ?? ?? ?? ?? ?? ??
0x000000000f13f320:   ?? ?? ?? ?? ?? ?? ?? ?? ?? ?? ?? ?? ?? ?? ?? ??
0x000000000f13f330:   ?? ?? ?? ?? ?? ?? ?? ?? ?? ?? ?? ?? ?? ?? ?? ??
0x000000000f13f340:   ?? ?? ?? ?? ?? ?? ?? ?? ?? ?? ?? ?? ?? ?? ?? ??
0x000000000f13f350:   ?? ?? ?? ?? ?? ?? ?? ?? ?? ?? ?? ?? ?? ?? ?? ??
0x000000000f13f360:   ?? ?? ?? ?? ?? ?? ?? ?? ?? ?? ?? ?? ?? ?? ?? ??
0x000000000f13f370:   ?? ?? ?? ?? ?? ?? ?? ?? ?? ?? ?? ?? ?? ?? ?? ??
0x000000000f13f380:   ?? ?? ?? ?? ?? ?? ?? ?? ?? ?? ?? ?? ?? ?? ?? ??
0x000000000f13f390:   ?? ?? ?? ?? ?? ?? ?? ?? ?? ?? ?? ?? ?? ?? ?? ??
0x000000000f13f3a0:   ?? ?? ?? ?? ?? ?? ?? ?? ?? ?? ?? ?? ?? ?? ?? ??
0x000000000f13f3b0:   ?? ?? ?? ?? ?? ?? ?? ?? ?? ?? ?? ?? ?? ?? ?? ??
0x000000000f13f3c0:   ?? ?? ?? ?? ?? ?? ?? ?? ?? ?? ?? ?? ?? ?? ?? ??
0x000000000f13f3d0:   ?? ?? ?? ?? ?? ?? ?? ?? ?? ?? ?? ?? ?? ?? ?? ??
0x000000000f13f3e0:   ?? ?? ?? ?? ?? ?? ?? ?? ?? ?? ?? ?? ?? ?? ?? ??
0x000000000f13f3f0:   ?? ?? ?? ?? ?? ?? ?? ?? ?? ?? ?? ?? ?? ?? ?? ??
0x000000000f13f400:   ?? ?? ?? ?? ?? ?? ?? ?? ?? ?? ?? ?? ?? ?? ?? ??
0x000000000f13f410:   ?? ?? ?? ?? ?? ?? ?? ?? ?? ?? ?? ?? ?? ?? ?? ??
0x000000000f13f420:   ?? ?? ?? ?? ?? ?? ?? ?? ?? ?? ?? ?? ?? ?? ?? ??
0x000000000f13f430:   ?? ?? ?? ?? ?? ?? ?? ?? ?? ?? ?? ?? ?? ?? ?? ??
0x000000000f13f440:   ?? ?? ?? ?? ?? ?? ?? ?? ?? ?? ?? ?? ?? ?? ?? ?? 


Stack slot to memory mapping:
stack at sp + 0 slots: 0x00007ffbd0374688 jvm.dll
stack at sp + 1 slots: 0x00000294849712b0 points into unknown readable memory: 88 b2 5b d0 fb 7f 00 00
stack at sp + 2 slots: 0x000000ea949fb018 is pointing into the stack for thread: 0x00000294ff04f000
stack at sp + 3 slots: 0x000000ea949fdee0 is pointing into the stack for thread: 0x00000294ff04f000
stack at sp + 4 slots: 0x0000029484971300 points into unknown readable memory: 30 8a 63 d0 fb 7f 00 00
stack at sp + 5 slots: 0x0 is NULL
stack at sp + 6 slots: 0x00007ffbd0370070 jvm.dll
stack at sp + 7 slots: 0x0000000000000050 is an unknown value


---------------  P R O C E S S  ---------------

Threads class SMR info:
_java_thread_list=0x000002948317edd0, length=18, elements={
0x00000294e1e87000, 0x00000294fe5c7000, 0x00000294fe5c8800, 0x00000294fe5e7000,
0x00000294fe5e8000, 0x00000294fe5e9800, 0x00000294fe5f4800, 0x00000294fe5f9000,
0x00000294ff00b000, 0x00000294feffc800, 0x0000029482148800, 0x0000029483a74800,
0x00000294ff511800, 0x0000029480804800, 0x0000029481f81000, 0x0000029486540800,
0x00000294ff04f000, 0x0000029484f0f800
}

Java Threads: ( => current thread )
  0x00000294e1e87000 JavaThread "main" [_thread_in_Java, id=1588, stack(0x000000ea93700000,0x000000ea93800000)]
  0x00000294fe5c7000 JavaThread "Reference Handler" daemon [_thread_blocked, id=3276, stack(0x000000ea93e00000,0x000000ea93f00000)]
  0x00000294fe5c8800 JavaThread "Finalizer" daemon [_thread_blocked, id=10528, stack(0x000000ea93f00000,0x000000ea94000000)]
  0x00000294fe5e7000 JavaThread "Signal Dispatcher" daemon [_thread_blocked, id=17128, stack(0x000000ea94100000,0x000000ea94200000)]
  0x00000294fe5e8000 JavaThread "Attach Listener" daemon [_thread_blocked, id=2600, stack(0x000000ea94200000,0x000000ea94300000)]
  0x00000294fe5e9800 JavaThread "C2 CompilerThread0" daemon [_thread_in_native, id=8764, stack(0x000000ea94300000,0x000000ea94400000)]
  0x00000294fe5f4800 JavaThread "C1 CompilerThread0" daemon [_thread_blocked, id=17784, stack(0x000000ea94400000,0x000000ea94500000)]
  0x00000294fe5f9000 JavaThread "Sweeper thread" daemon [_thread_blocked, id=8840, stack(0x000000ea94500000,0x000000ea94600000)]
  0x00000294ff00b000 JavaThread "Service Thread" daemon [_thread_blocked, id=17216, stack(0x000000ea94600000,0x000000ea94700000)]
  0x00000294feffc800 JavaThread "Common-Cleaner" daemon [_thread_blocked, id=20488, stack(0x000000ea94800000,0x000000ea94900000)]
  0x0000029482148800 JavaThread "Catalina-utility-1" [_thread_blocked, id=14736, stack(0x000000ea94c00000,0x000000ea94d00000)]
  0x0000029483a74800 JavaThread "Catalina-utility-2" [_thread_blocked, id=4532, stack(0x000000ea95000000,0x000000ea95100000)]
  0x00000294ff511800 JavaThread "container-0" [_thread_blocked, id=16408, stack(0x000000ea95100000,0x000000ea95200000)]
  0x0000029480804800 JavaThread "mysql-cj-abandoned-connection-cleanup" daemon [_thread_blocked, id=21228, stack(0x000000ea95200000,0x000000ea95300000)]
  0x0000029481f81000 JavaThread "HikariPool-1 housekeeper" daemon [_thread_blocked, id=21160, stack(0x000000ea95800000,0x000000ea95900000)]
  0x0000029486540800 JavaThread "HikariPool-1 connection adder" daemon [_thread_blocked, id=11928, stack(0x000000ea95900000,0x000000ea95a00000)]
=>0x00000294ff04f000 JavaThread "C2 CompilerThread1" daemon [_thread_in_native, id=9760, stack(0x000000ea94900000,0x000000ea94a00000)]
  0x0000029484f0f800 JavaThread "C2 CompilerThread2" daemon [_thread_blocked, id=17736, stack(0x000000ea94b00000,0x000000ea94c00000)]

Other Threads:
  0x00000294fe5c5800 VMThread "VM Thread" [stack: 0x000000ea93d00000,0x000000ea93e00000] [id=20216]
  0x00000294ff010000 WatcherThread [stack: 0x000000ea94700000,0x000000ea94800000] [id=7532]
  0x00000294e1e9f000 GCTaskThread "GC Thread#0" [stack: 0x000000ea93800000,0x000000ea93900000] [id=1956]
  0x00000294ff581800 GCTaskThread "GC Thread#1" [stack: 0x000000ea94a00000,0x000000ea94b00000] [id=1188]
  0x00000294804e1000 GCTaskThread "GC Thread#2" [stack: 0x000000ea94d00000,0x000000ea94e00000] [id=16940]
  0x00000294804e5800 GCTaskThread "GC Thread#3" [stack: 0x000000ea94e00000,0x000000ea94f00000] [id=15012]
  0x00000294804e6800 GCTaskThread "GC Thread#4" [stack: 0x000000ea95300000,0x000000ea95400000] [id=19156]
  0x00000294804e4000 GCTaskThread "GC Thread#5" [stack: 0x000000ea95400000,0x000000ea95500000] [id=17964]
  0x00000294804e3800 GCTaskThread "GC Thread#6" [stack: 0x000000ea95500000,0x000000ea95600000] [id=18160]
  0x00000294804e2800 GCTaskThread "GC Thread#7" [stack: 0x000000ea95600000,0x000000ea95700000] [id=15860]
  0x00000294e1ed0000 ConcurrentGCThread "G1 Main Marker" [stack: 0x000000ea93900000,0x000000ea93a00000] [id=14288]
  0x00000294e1ed1800 ConcurrentGCThread "G1 Conc#0" [stack: 0x000000ea93a00000,0x000000ea93b00000] [id=11844]
  0x00000294804e5000 ConcurrentGCThread "G1 Conc#1" [stack: 0x000000ea94f00000,0x000000ea95000000] [id=13880]
  0x00000294fe444800 ConcurrentGCThread "G1 Refine#0" [stack: 0x000000ea93b00000,0x000000ea93c00000] [id=13524]
  0x00000294fe445000 ConcurrentGCThread "G1 Young RemSet Sampling" [stack: 0x000000ea93c00000,0x000000ea93d00000] [id=10252]

Threads with active compile tasks:
C2 CompilerThread0  13659 5763   !   4       org.springframework.core.annotation.AnnotationsScanner::processMethodHierarchy (276 bytes)
C2 CompilerThread1  13659 5724       4       org.springframework.boot.context.properties.source.SpringConfigurationPropertySources$SourcesIterator::fetchNext (138 bytes)

VM state:not at safepoint (normal execution)

VM Mutex/Monitor currently owned by a thread: None

Heap address: 0x0000000084200000, size: 1982 MB, Compressed Oops mode: 32-bit
Narrow klass base: 0x0000000800000000, Narrow klass shift: 3
Compressed class space size: 1073741824 Address: 0x0000000840000000

Heap:
 garbage-first heap   total 152576K, used 74342K [0x0000000084200000, 0x0000000100000000)
  region size 1024K, 60 young (61440K), 10 survivors (10240K)
 Metaspace       used 57011K, capacity 58412K, committed 58576K, reserved 1099776K
  class space    used 7498K, capacity 8061K, committed 8064K, reserved 1048576K
Heap Regions: E=young(eden), S=young(survivor), O=old, HS=humongous(starts), HC=humongous(continues), CS=collection set, F=free, A=archive, TAMS=top-at-mark-start (previous, next)
|   0|0x0000000084200000, 0x0000000084300000, 0x0000000084300000|100%|HS|  |TAMS 0x0000000084300000, 0x0000000084200000| Complete 
|   1|0x0000000084300000, 0x0000000084400000, 0x0000000084400000|100%| O|  |TAMS 0x0000000084400000, 0x0000000084300000| Untracked 
|   2|0x0000000084400000, 0x0000000084500000, 0x0000000084500000|100%| O|  |TAMS 0x0000000084500000, 0x0000000084400000| Untracked 
|   3|0x0000000084500000, 0x0000000084600000, 0x0000000084600000|100%| O|  |TAMS 0x0000000084600000, 0x0000000084500000| Untracked 
|   4|0x0000000084600000, 0x0000000084700000, 0x0000000084700000|100%| O|  |TAMS 0x0000000084700000, 0x0000000084600000| Untracked 
|   5|0x0000000084700000, 0x0000000084800000, 0x0000000084800000|100%| O|  |TAMS 0x0000000084800000, 0x0000000084700000| Untracked 
|   6|0x0000000084800000, 0x0000000084900000, 0x0000000084900000|100%| O|  |TAMS 0x0000000084900000, 0x0000000084800000| Untracked 
|   7|0x0000000084900000, 0x0000000084a00000, 0x0000000084a00000|100%| O|  |TAMS 0x0000000084a00000, 0x0000000084900000| Untracked 
|   8|0x0000000084a00000, 0x0000000084b00000, 0x0000000084b00000|100%| O|  |TAMS 0x0000000084b00000, 0x0000000084a00000| Untracked 
|   9|0x0000000084b00000, 0x0000000084c00000, 0x0000000084c00000|100%| O|  |TAMS 0x0000000084c00000, 0x0000000084b00000| Untracked 
|  10|0x0000000084c00000, 0x0000000084d00000, 0x0000000084d00000|100%| O|  |TAMS 0x0000000084c35a00, 0x0000000084c00000| Untracked 
|  11|0x0000000084d00000, 0x0000000084e00000, 0x0000000084e00000|100%| O|  |TAMS 0x0000000084d00000, 0x0000000084d00000| Untracked 
|  12|0x0000000084e00000, 0x0000000084f00000, 0x0000000084f00000|100%| O|  |TAMS 0x0000000084e00000, 0x0000000084e00000| Untracked 
|  13|0x0000000084f00000, 0x0000000085000000, 0x0000000085000000|100%| O|  |TAMS 0x0000000084f00000, 0x0000000084f00000| Untracked 
|  14|0x0000000085000000, 0x0000000085028200, 0x0000000085100000| 15%| O|  |TAMS 0x0000000085000000, 0x0000000085000000| Untracked 
|  15|0x0000000085100000, 0x0000000085100000, 0x0000000085200000|  0%| F|  |TAMS 0x0000000085100000, 0x0000000085100000| Untracked 
|  16|0x0000000085200000, 0x0000000085200000, 0x0000000085300000|  0%| F|  |TAMS 0x0000000085200000, 0x0000000085200000| Untracked 
|  17|0x0000000085300000, 0x0000000085300000, 0x0000000085400000|  0%| F|  |TAMS 0x0000000085300000, 0x0000000085300000| Untracked 
|  18|0x0000000085400000, 0x0000000085400000, 0x0000000085500000|  0%| F|  |TAMS 0x0000000085400000, 0x0000000085400000| Untracked 
|  19|0x0000000085500000, 0x0000000085500000, 0x0000000085600000|  0%| F|  |TAMS 0x0000000085500000, 0x0000000085500000| Untracked 
|  20|0x0000000085600000, 0x0000000085600000, 0x0000000085700000|  0%| F|  |TAMS 0x0000000085600000, 0x0000000085600000| Untracked 
|  21|0x0000000085700000, 0x0000000085700000, 0x0000000085800000|  0%| F|  |TAMS 0x0000000085700000, 0x0000000085700000| Untracked 
|  22|0x0000000085800000, 0x0000000085800000, 0x0000000085900000|  0%| F|  |TAMS 0x0000000085800000, 0x0000000085800000| Untracked 
|  23|0x0000000085900000, 0x0000000085900000, 0x0000000085a00000|  0%| F|  |TAMS 0x0000000085900000, 0x0000000085900000| Untracked 
|  24|0x0000000085a00000, 0x0000000085a00000, 0x0000000085b00000|  0%| F|  |TAMS 0x0000000085a00000, 0x0000000085a00000| Untracked 
|  25|0x0000000085b00000, 0x0000000085b00000, 0x0000000085c00000|  0%| F|  |TAMS 0x0000000085b00000, 0x0000000085b00000| Untracked 
|  26|0x0000000085c00000, 0x0000000085c00000, 0x0000000085d00000|  0%| F|  |TAMS 0x0000000085c00000, 0x0000000085c00000| Untracked 
|  27|0x0000000085d00000, 0x0000000085d00000, 0x0000000085e00000|  0%| F|  |TAMS 0x0000000085d00000, 0x0000000085d00000| Untracked 
|  28|0x0000000085e00000, 0x0000000085e00000, 0x0000000085f00000|  0%| F|  |TAMS 0x0000000085e00000, 0x0000000085e00000| Untracked 
|  29|0x0000000085f00000, 0x0000000085f00000, 0x0000000086000000|  0%| F|  |TAMS 0x0000000085f00000, 0x0000000085f00000| Untracked 
|  30|0x0000000086000000, 0x0000000086000000, 0x0000000086100000|  0%| F|  |TAMS 0x0000000086000000, 0x0000000086000000| Untracked 
|  31|0x0000000086100000, 0x0000000086100000, 0x0000000086200000|  0%| F|  |TAMS 0x0000000086100000, 0x0000000086100000| Untracked 
|  32|0x0000000086200000, 0x0000000086200000, 0x0000000086300000|  0%| F|  |TAMS 0x0000000086200000, 0x0000000086200000| Untracked 
|  33|0x0000000086300000, 0x0000000086300000, 0x0000000086400000|  0%| F|  |TAMS 0x0000000086300000, 0x0000000086300000| Untracked 
|  34|0x0000000086400000, 0x0000000086400000, 0x0000000086500000|  0%| F|  |TAMS 0x0000000086400000, 0x0000000086400000| Untracked 
|  35|0x0000000086500000, 0x0000000086500000, 0x0000000086600000|  0%| F|  |TAMS 0x0000000086500000, 0x0000000086500000| Untracked 
|  36|0x0000000086600000, 0x0000000086600000, 0x0000000086700000|  0%| F|  |TAMS 0x0000000086600000, 0x0000000086600000| Untracked 
|  37|0x0000000086700000, 0x0000000086700000, 0x0000000086800000|  0%| F|  |TAMS 0x0000000086700000, 0x0000000086700000| Untracked 
|  38|0x0000000086800000, 0x0000000086800000, 0x0000000086900000|  0%| F|  |TAMS 0x0000000086800000, 0x0000000086800000| Untracked 
|  39|0x0000000086900000, 0x0000000086900000, 0x0000000086a00000|  0%| F|  |TAMS 0x0000000086900000, 0x0000000086900000| Untracked 
|  40|0x0000000086a00000, 0x0000000086a00000, 0x0000000086b00000|  0%| F|  |TAMS 0x0000000086a00000, 0x0000000086a00000| Untracked 
|  41|0x0000000086b00000, 0x0000000086b00000, 0x0000000086c00000|  0%| F|  |TAMS 0x0000000086b00000, 0x0000000086b00000| Untracked 
|  42|0x0000000086c00000, 0x0000000086c00000, 0x0000000086d00000|  0%| F|  |TAMS 0x0000000086c00000, 0x0000000086c00000| Untracked 
|  43|0x0000000086d00000, 0x0000000086d00000, 0x0000000086e00000|  0%| F|  |TAMS 0x0000000086d00000, 0x0000000086d00000| Untracked 
|  44|0x0000000086e00000, 0x0000000086e00000, 0x0000000086f00000|  0%| F|  |TAMS 0x0000000086e00000, 0x0000000086e00000| Untracked 
|  45|0x0000000086f00000, 0x0000000086f00000, 0x0000000087000000|  0%| F|  |TAMS 0x0000000086f00000, 0x0000000086f00000| Untracked 
|  46|0x0000000087000000, 0x0000000087000000, 0x0000000087100000|  0%| F|  |TAMS 0x0000000087000000, 0x0000000087000000| Untracked 
|  47|0x0000000087100000, 0x0000000087100000, 0x0000000087200000|  0%| F|  |TAMS 0x0000000087100000, 0x0000000087100000| Untracked 
|  48|0x0000000087200000, 0x0000000087200000, 0x0000000087300000|  0%| F|  |TAMS 0x0000000087200000, 0x0000000087200000| Untracked 
|  49|0x0000000087300000, 0x0000000087300000, 0x0000000087400000|  0%| F|  |TAMS 0x0000000087300000, 0x0000000087300000| Untracked 
|  50|0x0000000087400000, 0x0000000087400000, 0x0000000087500000|  0%| F|  |TAMS 0x0000000087400000, 0x0000000087400000| Untracked 
|  51|0x0000000087500000, 0x0000000087500000, 0x0000000087600000|  0%| F|  |TAMS 0x0000000087500000, 0x0000000087500000| Untracked 
|  52|0x0000000087600000, 0x0000000087600000, 0x0000000087700000|  0%| F|  |TAMS 0x0000000087600000, 0x0000000087600000| Untracked 
|  53|0x0000000087700000, 0x0000000087700000, 0x0000000087800000|  0%| F|  |TAMS 0x0000000087700000, 0x0000000087700000| Untracked 
|  54|0x0000000087800000, 0x0000000087800000, 0x0000000087900000|  0%| F|  |TAMS 0x0000000087800000, 0x0000000087800000| Untracked 
|  55|0x0000000087900000, 0x0000000087900000, 0x0000000087a00000|  0%| F|  |TAMS 0x0000000087900000, 0x0000000087900000| Untracked 
|  56|0x0000000087a00000, 0x0000000087a00000, 0x0000000087b00000|  0%| F|  |TAMS 0x0000000087a00000, 0x0000000087a00000| Untracked 
|  57|0x0000000087b00000, 0x0000000087b00000, 0x0000000087c00000|  0%| F|  |TAMS 0x0000000087b00000, 0x0000000087b00000| Untracked 
|  58|0x0000000087c00000, 0x0000000087c00000, 0x0000000087d00000|  0%| F|  |TAMS 0x0000000087c00000, 0x0000000087c00000| Untracked 
|  59|0x0000000087d00000, 0x0000000087d00000, 0x0000000087e00000|  0%| F|  |TAMS 0x0000000087d00000, 0x0000000087d00000| Untracked 
|  60|0x0000000087e00000, 0x0000000087e00000, 0x0000000087f00000|  0%| F|  |TAMS 0x0000000087e00000, 0x0000000087e00000| Untracked 
|  61|0x0000000087f00000, 0x0000000087f717d8, 0x0000000088000000| 44%| S|CS|TAMS 0x0000000087f00000, 0x0000000087f00000| Complete 
|  62|0x0000000088000000, 0x0000000088100000, 0x0000000088100000|100%| S|CS|TAMS 0x0000000088000000, 0x0000000088000000| Complete 
|  63|0x0000000088100000, 0x0000000088200000, 0x0000000088200000|100%| S|CS|TAMS 0x0000000088100000, 0x0000000088100000| Complete 
|  64|0x0000000088200000, 0x0000000088300000, 0x0000000088300000|100%| S|CS|TAMS 0x0000000088200000, 0x0000000088200000| Complete 
|  65|0x0000000088300000, 0x0000000088400000, 0x0000000088400000|100%| S|CS|TAMS 0x0000000088300000, 0x0000000088300000| Complete 
|  66|0x0000000088400000, 0x0000000088500000, 0x0000000088500000|100%| S|CS|TAMS 0x0000000088400000, 0x0000000088400000| Complete 
|  67|0x0000000088500000, 0x0000000088600000, 0x0000000088600000|100%| S|CS|TAMS 0x0000000088500000, 0x0000000088500000| Complete 
|  68|0x0000000088600000, 0x0000000088700000, 0x0000000088700000|100%| S|CS|TAMS 0x0000000088600000, 0x0000000088600000| Complete 
|  69|0x0000000088700000, 0x0000000088800000, 0x0000000088800000|100%| S|CS|TAMS 0x0000000088700000, 0x0000000088700000| Complete 
|  70|0x0000000088800000, 0x0000000088900000, 0x0000000088900000|100%| S|CS|TAMS 0x0000000088800000, 0x0000000088800000| Complete 
|  71|0x0000000088900000, 0x0000000088900000, 0x0000000088a00000|  0%| F|  |TAMS 0x0000000088900000, 0x0000000088900000| Untracked 
|  72|0x0000000088a00000, 0x0000000088a00000, 0x0000000088b00000|  0%| F|  |TAMS 0x0000000088a00000, 0x0000000088a00000| Untracked 
|  73|0x0000000088b00000, 0x0000000088b00000, 0x0000000088c00000|  0%| F|  |TAMS 0x0000000088b00000, 0x0000000088b00000| Untracked 
|  74|0x0000000088c00000, 0x0000000088c00000, 0x0000000088d00000|  0%| F|  |TAMS 0x0000000088c00000, 0x0000000088c00000| Untracked 
|  75|0x0000000088d00000, 0x0000000088d00000, 0x0000000088e00000|  0%| F|  |TAMS 0x0000000088d00000, 0x0000000088d00000| Untracked 
|  76|0x0000000088e00000, 0x0000000088e00000, 0x0000000088f00000|  0%| F|  |TAMS 0x0000000088e00000, 0x0000000088e00000| Untracked 
|  77|0x0000000088f00000, 0x0000000088f00000, 0x0000000089000000|  0%| F|  |TAMS 0x0000000088f00000, 0x0000000088f00000| Untracked 
|  78|0x0000000089000000, 0x0000000089000000, 0x0000000089100000|  0%| F|  |TAMS 0x0000000089000000, 0x0000000089000000| Untracked 
|  79|0x0000000089100000, 0x0000000089100000, 0x0000000089200000|  0%| F|  |TAMS 0x0000000089100000, 0x0000000089100000| Untracked 
|  80|0x0000000089200000, 0x0000000089200000, 0x0000000089300000|  0%| F|  |TAMS 0x0000000089200000, 0x0000000089200000| Untracked 
|  81|0x0000000089300000, 0x0000000089300000, 0x0000000089400000|  0%| F|  |TAMS 0x0000000089300000, 0x0000000089300000| Untracked 
|  82|0x0000000089400000, 0x0000000089400000, 0x0000000089500000|  0%| F|  |TAMS 0x0000000089400000, 0x0000000089400000| Untracked 
|  83|0x0000000089500000, 0x0000000089500000, 0x0000000089600000|  0%| F|  |TAMS 0x0000000089500000, 0x0000000089500000| Untracked 
|  84|0x0000000089600000, 0x0000000089600000, 0x0000000089700000|  0%| F|  |TAMS 0x0000000089600000, 0x0000000089600000| Untracked 
|  85|0x0000000089700000, 0x0000000089700000, 0x0000000089800000|  0%| F|  |TAMS 0x0000000089700000, 0x0000000089700000| Untracked 
|  86|0x0000000089800000, 0x0000000089800000, 0x0000000089900000|  0%| F|  |TAMS 0x0000000089800000, 0x0000000089800000| Untracked 
|  87|0x0000000089900000, 0x0000000089900000, 0x0000000089a00000|  0%| F|  |TAMS 0x0000000089900000, 0x0000000089900000| Untracked 
|  88|0x0000000089a00000, 0x0000000089a00000, 0x0000000089b00000|  0%| F|  |TAMS 0x0000000089a00000, 0x0000000089a00000| Untracked 
|  89|0x0000000089b00000, 0x0000000089b00000, 0x0000000089c00000|  0%| F|  |TAMS 0x0000000089b00000, 0x0000000089b00000| Untracked 
|  90|0x0000000089c00000, 0x0000000089c00000, 0x0000000089d00000|  0%| F|  |TAMS 0x0000000089c00000, 0x0000000089c00000| Untracked 
|  91|0x0000000089d00000, 0x0000000089d00000, 0x0000000089e00000|  0%| F|  |TAMS 0x0000000089d00000, 0x0000000089d00000| Untracked 
|  92|0x0000000089e00000, 0x0000000089e00000, 0x0000000089f00000|  0%| F|  |TAMS 0x0000000089e00000, 0x0000000089e00000| Untracked 
|  93|0x0000000089f00000, 0x0000000089f00000, 0x000000008a000000|  0%| F|  |TAMS 0x0000000089f00000, 0x0000000089f00000| Untracked 
|  94|0x000000008a000000, 0x000000008a000000, 0x000000008a100000|  0%| F|  |TAMS 0x000000008a000000, 0x000000008a000000| Untracked 
|  95|0x000000008a100000, 0x000000008a100000, 0x000000008a200000|  0%| F|  |TAMS 0x000000008a100000, 0x000000008a100000| Untracked 
|  96|0x000000008a200000, 0x000000008a200000, 0x000000008a300000|  0%| F|  |TAMS 0x000000008a200000, 0x000000008a200000| Untracked 
|  97|0x000000008a300000, 0x000000008a300000, 0x000000008a400000|  0%| F|  |TAMS 0x000000008a300000, 0x000000008a300000| Untracked 
|  98|0x000000008a400000, 0x000000008a480800, 0x000000008a500000| 50%| E|  |TAMS 0x000000008a400000, 0x000000008a400000| Complete 
|  99|0x000000008a500000, 0x000000008a600000, 0x000000008a600000|100%| E|CS|TAMS 0x000000008a500000, 0x000000008a500000| Complete 
| 100|0x000000008a600000, 0x000000008a700000, 0x000000008a700000|100%| E|CS|TAMS 0x000000008a600000, 0x000000008a600000| Complete 
| 101|0x000000008a700000, 0x000000008a800000, 0x000000008a800000|100%| E|CS|TAMS 0x000000008a700000, 0x000000008a700000| Complete 
| 102|0x000000008a800000, 0x000000008a900000, 0x000000008a900000|100%| E|CS|TAMS 0x000000008a800000, 0x000000008a800000| Complete 
| 103|0x000000008a900000, 0x000000008aa00000, 0x000000008aa00000|100%| E|CS|TAMS 0x000000008a900000, 0x000000008a900000| Complete 
| 104|0x000000008aa00000, 0x000000008ab00000, 0x000000008ab00000|100%| E|CS|TAMS 0x000000008aa00000, 0x000000008aa00000| Complete 
| 105|0x000000008ab00000, 0x000000008ac00000, 0x000000008ac00000|100%| E|CS|TAMS 0x000000008ab00000, 0x000000008ab00000| Complete 
| 106|0x000000008ac00000, 0x000000008ad00000, 0x000000008ad00000|100%| E|CS|TAMS 0x000000008ac00000, 0x000000008ac00000| Complete 
| 107|0x000000008ad00000, 0x000000008ae00000, 0x000000008ae00000|100%| E|CS|TAMS 0x000000008ad00000, 0x000000008ad00000| Complete 
| 108|0x000000008ae00000, 0x000000008af00000, 0x000000008af00000|100%| E|CS|TAMS 0x000000008ae00000, 0x000000008ae00000| Complete 
| 109|0x000000008af00000, 0x000000008b000000, 0x000000008b000000|100%| E|CS|TAMS 0x000000008af00000, 0x000000008af00000| Complete 
| 110|0x000000008b000000, 0x000000008b100000, 0x000000008b100000|100%| E|CS|TAMS 0x000000008b000000, 0x000000008b000000| Complete 
| 111|0x000000008b100000, 0x000000008b200000, 0x000000008b200000|100%| E|CS|TAMS 0x000000008b100000, 0x000000008b100000| Complete 
| 112|0x000000008b200000, 0x000000008b300000, 0x000000008b300000|100%| E|CS|TAMS 0x000000008b200000, 0x000000008b200000| Complete 
| 113|0x000000008b300000, 0x000000008b400000, 0x000000008b400000|100%| E|CS|TAMS 0x000000008b300000, 0x000000008b300000| Complete 
| 114|0x000000008b400000, 0x000000008b500000, 0x000000008b500000|100%| E|CS|TAMS 0x000000008b400000, 0x000000008b400000| Complete 
| 115|0x000000008b500000, 0x000000008b600000, 0x000000008b600000|100%| E|CS|TAMS 0x000000008b500000, 0x000000008b500000| Complete 
| 116|0x000000008b600000, 0x000000008b700000, 0x000000008b700000|100%| E|CS|TAMS 0x000000008b600000, 0x000000008b600000| Complete 
| 117|0x000000008b700000, 0x000000008b800000, 0x000000008b800000|100%| E|CS|TAMS 0x000000008b700000, 0x000000008b700000| Complete 
| 118|0x000000008b800000, 0x000000008b900000, 0x000000008b900000|100%| E|CS|TAMS 0x000000008b800000, 0x000000008b800000| Complete 
| 119|0x000000008b900000, 0x000000008ba00000, 0x000000008ba00000|100%| E|CS|TAMS 0x000000008b900000, 0x000000008b900000| Complete 
| 120|0x000000008ba00000, 0x000000008bb00000, 0x000000008bb00000|100%| E|CS|TAMS 0x000000008ba00000, 0x000000008ba00000| Complete 
| 121|0x000000008bb00000, 0x000000008bc00000, 0x000000008bc00000|100%| E|CS|TAMS 0x000000008bb00000, 0x000000008bb00000| Complete 
| 122|0x000000008bc00000, 0x000000008bd00000, 0x000000008bd00000|100%| E|CS|TAMS 0x000000008bc00000, 0x000000008bc00000| Complete 
| 123|0x000000008bd00000, 0x000000008be00000, 0x000000008be00000|100%| E|CS|TAMS 0x000000008bd00000, 0x000000008bd00000| Complete 
| 124|0x000000008be00000, 0x000000008bf00000, 0x000000008bf00000|100%| E|CS|TAMS 0x000000008be00000, 0x000000008be00000| Complete 
| 125|0x000000008bf00000, 0x000000008c000000, 0x000000008c000000|100%| E|CS|TAMS 0x000000008bf00000, 0x000000008bf00000| Complete 
| 126|0x000000008c000000, 0x000000008c100000, 0x000000008c100000|100%| E|CS|TAMS 0x000000008c000000, 0x000000008c000000| Complete 
| 127|0x000000008c100000, 0x000000008c200000, 0x000000008c200000|100%| E|CS|TAMS 0x000000008c100000, 0x000000008c100000| Complete 
| 128|0x000000008c200000, 0x000000008c300000, 0x000000008c300000|100%| E|CS|TAMS 0x000000008c200000, 0x000000008c200000| Complete 
| 129|0x000000008c300000, 0x000000008c400000, 0x000000008c400000|100%| E|CS|TAMS 0x000000008c300000, 0x000000008c300000| Complete 
| 130|0x000000008c400000, 0x000000008c500000, 0x000000008c500000|100%| E|CS|TAMS 0x000000008c400000, 0x000000008c400000| Complete 
| 131|0x000000008c500000, 0x000000008c600000, 0x000000008c600000|100%| E|CS|TAMS 0x000000008c500000, 0x000000008c500000| Complete 
| 132|0x000000008c600000, 0x000000008c700000, 0x000000008c700000|100%| E|CS|TAMS 0x000000008c600000, 0x000000008c600000| Complete 
| 133|0x000000008c700000, 0x000000008c800000, 0x000000008c800000|100%| E|CS|TAMS 0x000000008c700000, 0x000000008c700000| Complete 
| 134|0x000000008c800000, 0x000000008c900000, 0x000000008c900000|100%| E|CS|TAMS 0x000000008c800000, 0x000000008c800000| Complete 
| 135|0x000000008c900000, 0x000000008ca00000, 0x000000008ca00000|100%| E|CS|TAMS 0x000000008c900000, 0x000000008c900000| Complete 
| 136|0x000000008ca00000, 0x000000008cb00000, 0x000000008cb00000|100%| E|CS|TAMS 0x000000008ca00000, 0x000000008ca00000| Complete 
| 137|0x000000008cb00000, 0x000000008cc00000, 0x000000008cc00000|100%| E|CS|TAMS 0x000000008cb00000, 0x000000008cb00000| Complete 
| 138|0x000000008cc00000, 0x000000008cd00000, 0x000000008cd00000|100%| E|CS|TAMS 0x000000008cc00000, 0x000000008cc00000| Complete 
| 139|0x000000008cd00000, 0x000000008ce00000, 0x000000008ce00000|100%| E|CS|TAMS 0x000000008cd00000, 0x000000008cd00000| Complete 
| 140|0x000000008ce00000, 0x000000008cf00000, 0x000000008cf00000|100%| E|CS|TAMS 0x000000008ce00000, 0x000000008ce00000| Complete 
| 141|0x000000008cf00000, 0x000000008d000000, 0x000000008d000000|100%| E|CS|TAMS 0x000000008cf00000, 0x000000008cf00000| Complete 
| 142|0x000000008d000000, 0x000000008d100000, 0x000000008d100000|100%| E|CS|TAMS 0x000000008d000000, 0x000000008d000000| Complete 
| 143|0x000000008d100000, 0x000000008d200000, 0x000000008d200000|100%| E|CS|TAMS 0x000000008d100000, 0x000000008d100000| Complete 
| 144|0x000000008d200000, 0x000000008d300000, 0x000000008d300000|100%| E|CS|TAMS 0x000000008d200000, 0x000000008d200000| Complete 
| 145|0x000000008d300000, 0x000000008d400000, 0x000000008d400000|100%| E|CS|TAMS 0x000000008d300000, 0x000000008d300000| Complete 
| 146|0x000000008d400000, 0x000000008d500000, 0x000000008d500000|100%| E|CS|TAMS 0x000000008d400000, 0x000000008d400000| Complete 
| 147|0x000000008d500000, 0x000000008d600000, 0x000000008d600000|100%| E|CS|TAMS 0x000000008d500000, 0x000000008d500000| Complete 
| 148|0x000000008d600000, 0x000000008d700000, 0x000000008d700000|100%| E|CS|TAMS 0x000000008d600000, 0x000000008d600000| Complete 

Card table byte_map: [0x00000294f7580000,0x00000294f7960000] _byte_map_base: 0x00000294f715f000

Marking Bits (Prev, Next): (CMBitMap*) 0x00000294e1ec7488, (CMBitMap*) 0x00000294e1ec74c0
 Prev Bits: [0x00000294f7d40000, 0x00000294f9c38000)
 Next Bits: [0x00000294f9c40000, 0x00000294fbb38000)

Polling page: 0x00000294e1f60000

Metaspace:

Usage:
  Non-class:     49.18 MB capacity,    48.39 MB ( 98%) used,   635.22 KB (  1%) free+waste,   175.19 KB ( <1%) overhead. 
      Class:      7.88 MB capacity,     7.33 MB ( 93%) used,   475.74 KB (  6%) free+waste,    84.06 KB (  1%) overhead. 
       Both:     57.06 MB capacity,    55.72 MB ( 98%) used,     1.08 MB (  2%) free+waste,   259.25 KB ( <1%) overhead. 

Virtual space:
  Non-class space:       50.00 MB reserved,      49.33 MB ( 99%) committed 
      Class space:        1.00 GB reserved,       8.00 MB ( <1%) committed 
             Both:        1.05 GB reserved,      57.33 MB (  5%) committed 

Chunk freelists:
   Non-Class:  22.00 KB
       Class:  0 bytes
        Both:  22.00 KB

MaxMetaspaceSize: 17179869184.00 GB
CompressedClassSpaceSize: 1.00 GB

CodeHeap 'non-profiled nmethods': size=120000Kb used=3672Kb max_used=3672Kb free=116327Kb
 bounds [0x00000294ef200000, 0x00000294ef5a0000, 0x00000294f6730000]
CodeHeap 'profiled nmethods': size=120000Kb used=12992Kb max_used=12992Kb free=107007Kb
 bounds [0x00000294e7cd0000, 0x00000294e8990000, 0x00000294ef200000]
CodeHeap 'non-nmethods': size=5760Kb used=1269Kb max_used=1318Kb free=4490Kb
 bounds [0x00000294e7730000, 0x00000294e79a0000, 0x00000294e7cd0000]
 total_blobs=8207 nmethods=5541 adapters=529
 compilation: enabled
              stopped_count=0, restarted_count=0
 full_count=0

Compilation events (20 events):
Event: 13.523 Thread 0x00000294ff04f000 5715       4       java.util.LinkedHashMap$LinkedKeySet::iterator (12 bytes)
Event: 13.525 Thread 0x00000294fe5f4800 nmethod 5720 0x00000294e895ad90 code [0x00000294e895b020, 0x00000294e895bb60]
Event: 13.525 Thread 0x00000294fe5f4800 5721       3       org.springframework.core.MethodParameter$$Lambda$139/0x0000000840120c40::get$Lambda (9 bytes)
Event: 13.525 Thread 0x00000294fe5f4800 nmethod 5721 0x00000294e895bf90 code [0x00000294e895c160, 0x00000294e895c3b8]
Event: 13.525 Thread 0x00000294fe5f4800 5722       3       org.springframework.core.MethodParameter$$Lambda$139/0x0000000840120c40::<init> (10 bytes)
Event: 13.526 Thread 0x00000294fe5f4800 nmethod 5722 0x00000294e895c490 code [0x00000294e895c640, 0x00000294e895c818]
Event: 13.529 Thread 0x00000294ff04f000 nmethod 5715 0x00000294ef58c690 code [0x00000294ef58c840, 0x00000294ef58ca18]
Event: 13.529 Thread 0x00000294ff04f000 5716       4       org.springframework.core.annotation.TypeMappedAnnotations$MergedAnnotationFinder::finish (9 bytes)
Event: 13.530 Thread 0x00000294ff04f000 nmethod 5716 0x00000294ef58cb10 code [0x00000294ef58cca0, 0x00000294ef58cd58]
Event: 13.534 Thread 0x00000294ff04f000 5723       4       org.springframework.boot.context.properties.source.ConfigurationPropertyName$Elements::getLength (46 bytes)
Event: 13.535 Thread 0x00000294fe5f4800 5725       3       org.springframework.core.annotation.AnnotatedElementUtils::hasAnnotation (38 bytes)
Event: 13.536 Thread 0x00000294fe5f4800 nmethod 5725 0x00000294e895c910 code [0x00000294e895cbc0, 0x00000294e895d740]
Event: 13.536 Thread 0x00000294ff04f000 nmethod 5723 0x00000294ef58ce10 code [0x00000294ef58cfc0, 0x00000294ef58d118]
Event: 13.536 Thread 0x00000294fe5f4800 5726   !   3       org.springframework.beans.factory.annotation.InitDestroyAnnotationBeanPostProcessor::findLifecycleMetadata (87 bytes)
Event: 13.536 Thread 0x00000294ff04f000 5724       4       org.springframework.boot.context.properties.source.SpringConfigurationPropertySources$SourcesIterator::fetchNext (138 bytes)
Event: 13.537 Thread 0x00000294fe5f4800 nmethod 5726 0x00000294e895db10 code [0x00000294e895dd40, 0x00000294e895e670]
Event: 13.539 Thread 0x00000294fe5f4800 5727       3       org.springframework.beans.factory.config.BeanPostProcessor::postProcessBeforeInitialization (2 bytes)
Event: 13.539 Thread 0x00000294fe5f4800 nmethod 5727 0x00000294e895e910 code [0x00000294e895eac0, 0x00000294e895ec38]
Event: 13.544 Thread 0x00000294fe5f4800 5728       3       org.springframework.beans.factory.annotation.InjectionMetadata::<init> (15 bytes)
Event: 13.544 Thread 0x00000294fe5f4800 nmethod 5728 0x00000294e895ed10 code [0x00000294e895eec0, 0x00000294e895f158]

GC Heap History (16 events):
Event: 0.990 GC heap before
{Heap before GC invocations=0 (full 0):
 garbage-first heap   total 126976K, used 25600K [0x0000000084200000, 0x0000000100000000)
  region size 1024K, 24 young (24576K), 0 survivors (0K)
 Metaspace       used 4241K, capacity 6809K, committed 6912K, reserved 1056768K
  class space    used 466K, capacity 722K, committed 768K, reserved 1048576K
}
Event: 1.000 GC heap after
{Heap after GC invocations=1 (full 0):
 garbage-first heap   total 126976K, used 6795K [0x0000000084200000, 0x0000000100000000)
  region size 1024K, 3 young (3072K), 3 survivors (3072K)
 Metaspace       used 4241K, capacity 6809K, committed 6912K, reserved 1056768K
  class space    used 466K, capacity 722K, committed 768K, reserved 1048576K
}
Event: 2.586 GC heap before
{Heap before GC invocations=1 (full 0):
 garbage-first heap   total 126976K, used 79499K [0x0000000084200000, 0x0000000100000000)
  region size 1024K, 74 young (75776K), 3 survivors (3072K)
 Metaspace       used 16053K, capacity 16596K, committed 16768K, reserved 1062912K
  class space    used 2162K, capacity 2384K, committed 2432K, reserved 1048576K
}
Event: 2.598 GC heap after
{Heap after GC invocations=2 (full 0):
 garbage-first heap   total 126976K, used 9993K [0x0000000084200000, 0x0000000100000000)
  region size 1024K, 7 young (7168K), 7 survivors (7168K)
 Metaspace       used 16053K, capacity 16596K, committed 16768K, reserved 1062912K
  class space    used 2162K, capacity 2384K, committed 2432K, reserved 1048576K
}
Event: 3.061 GC heap before
{Heap before GC invocations=2 (full 0):
 garbage-first heap   total 126976K, used 77577K [0x0000000084200000, 0x0000000100000000)
  region size 1024K, 74 young (75776K), 7 survivors (7168K)
 Metaspace       used 20078K, capacity 20707K, committed 20864K, reserved 1067008K
  class space    used 2582K, capacity 2856K, committed 2944K, reserved 1048576K
}
Event: 3.072 GC heap after
{Heap after GC invocations=3 (full 0):
 garbage-first heap   total 126976K, used 11024K [0x0000000084200000, 0x0000000100000000)
  region size 1024K, 5 young (5120K), 5 survivors (5120K)
 Metaspace       used 20078K, capacity 20707K, committed 20864K, reserved 1067008K
  class space    used 2582K, capacity 2856K, committed 2944K, reserved 1048576K
}
Event: 3.159 GC heap before
{Heap before GC invocations=3 (full 0):
 garbage-first heap   total 126976K, used 16144K [0x0000000084200000, 0x0000000100000000)
  region size 1024K, 11 young (11264K), 5 survivors (5120K)
 Metaspace       used 20523K, capacity 21167K, committed 21296K, reserved 1067008K
  class space    used 2651K, capacity 2924K, committed 2944K, reserved 1048576K
}
Event: 3.167 GC heap after
{Heap after GC invocations=4 (full 0):
 garbage-first heap   total 126976K, used 11513K [0x0000000084200000, 0x0000000100000000)
  region size 1024K, 5 young (5120K), 5 survivors (5120K)
 Metaspace       used 20523K, capacity 21167K, committed 21296K, reserved 1067008K
  class space    used 2651K, capacity 2924K, committed 2944K, reserved 1048576K
}
Event: 6.485 GC heap before
{Heap before GC invocations=5 (full 0):
 garbage-first heap   total 126976K, used 82169K [0x0000000084200000, 0x0000000100000000)
  region size 1024K, 74 young (75776K), 5 survivors (5120K)
 Metaspace       used 28968K, capacity 29903K, committed 30000K, reserved 1075200K
  class space    used 3770K, capacity 4142K, committed 4224K, reserved 1048576K
}
Event: 6.497 GC heap after
{Heap after GC invocations=6 (full 0):
 garbage-first heap   total 152576K, used 14628K [0x0000000084200000, 0x0000000100000000)
  region size 1024K, 8 young (8192K), 8 survivors (8192K)
 Metaspace       used 28968K, capacity 29903K, committed 30000K, reserved 1075200K
  class space    used 3770K, capacity 4142K, committed 4224K, reserved 1048576K
}
Event: 7.695 GC heap before
{Heap before GC invocations=6 (full 0):
 garbage-first heap   total 152576K, used 95524K [0x0000000084200000, 0x0000000100000000)
  region size 1024K, 88 young (90112K), 8 survivors (8192K)
 Metaspace       used 34269K, capacity 35333K, committed 35632K, reserved 1079296K
  class space    used 4488K, capacity 4947K, committed 4992K, reserved 1048576K
}
Event: 7.744 GC heap after
{Heap after GC invocations=7 (full 0):
 garbage-first heap   total 152576K, used 16582K [0x0000000084200000, 0x0000000100000000)
  region size 1024K, 7 young (7168K), 7 survivors (7168K)
 Metaspace       used 34269K, capacity 35333K, committed 35632K, reserved 1079296K
  class space    used 4488K, capacity 4947K, committed 4992K, reserved 1048576K
}
Event: 7.840 GC heap before
{Heap before GC invocations=7 (full 0):
 garbage-first heap   total 152576K, used 19654K [0x0000000084200000, 0x0000000100000000)
  region size 1024K, 11 young (11264K), 7 survivors (7168K)
 Metaspace       used 34747K, capacity 35778K, committed 35920K, reserved 1081344K
  class space    used 4569K, capacity 5030K, committed 5120K, reserved 1048576K
}
Event: 7.847 GC heap after
{Heap after GC invocations=8 (full 0):
 garbage-first heap   total 152576K, used 16932K [0x0000000084200000, 0x0000000100000000)
  region size 1024K, 7 young (7168K), 7 survivors (7168K)
 Metaspace       used 34747K, capacity 35778K, committed 35920K, reserved 1081344K
  class space    used 4569K, capacity 5030K, committed 5120K, reserved 1048576K
}
Event: 10.296 GC heap before
{Heap before GC invocations=9 (full 0):
 garbage-first heap   total 152576K, used 88612K [0x0000000084200000, 0x0000000100000000)
  region size 1024K, 78 young (79872K), 7 survivors (7168K)
 Metaspace       used 49793K, capacity 51064K, committed 51280K, reserved 1093632K
  class space    used 6602K, capacity 7100K, committed 7168K, reserved 1048576K
}
Event: 10.310 GC heap after
{Heap after GC invocations=10 (full 0):
 garbage-first heap   total 152576K, used 24166K [0x0000000084200000, 0x0000000100000000)
  region size 1024K, 10 young (10240K), 10 survivors (10240K)
 Metaspace       used 49793K, capacity 51064K, committed 51280K, reserved 1093632K
  class space    used 6602K, capacity 7100K, committed 7168K, reserved 1048576K
}

Deoptimization events (20 events):
Event: 13.274 Thread 0x00000294e1e87000 Uncommon trap: trap_request=0xffffffbe fr.pc=0x00000294ef329d28 relative=0x0000000000000d48
Event: 13.274 Thread 0x00000294e1e87000 Uncommon trap: reason=profile_predicate action=maybe_recompile pc=0x00000294ef329d28 method=java.lang.StringUTF16.putCharsSB([BILjava/lang/CharSequence;II)V @ 18 c2
Event: 13.274 Thread 0x00000294e1e87000 DEOPT PACKING pc=0x00000294ef329d28 sp=0x000000ea937fc630
Event: 13.274 Thread 0x00000294e1e87000 DEOPT UNPACKING pc=0x00000294e773822f sp=0x000000ea937fc560 mode 2
Event: 13.276 Thread 0x00000294e1e87000 Uncommon trap: trap_request=0xffffffbe fr.pc=0x00000294ef329d28 relative=0x0000000000000d48
Event: 13.276 Thread 0x00000294e1e87000 Uncommon trap: reason=profile_predicate action=maybe_recompile pc=0x00000294ef329d28 method=java.lang.StringUTF16.putCharsSB([BILjava/lang/CharSequence;II)V @ 18 c2
Event: 13.276 Thread 0x00000294e1e87000 DEOPT PACKING pc=0x00000294ef329d28 sp=0x000000ea937fc660
Event: 13.277 Thread 0x00000294e1e87000 DEOPT UNPACKING pc=0x00000294e773822f sp=0x000000ea937fc590 mode 2
Event: 13.294 Thread 0x00000294e1e87000 Uncommon trap: trap_request=0xffffffbe fr.pc=0x00000294ef329d28 relative=0x0000000000000d48
Event: 13.294 Thread 0x00000294e1e87000 Uncommon trap: reason=profile_predicate action=maybe_recompile pc=0x00000294ef329d28 method=java.lang.StringUTF16.putCharsSB([BILjava/lang/CharSequence;II)V @ 18 c2
Event: 13.294 Thread 0x00000294e1e87000 DEOPT PACKING pc=0x00000294ef329d28 sp=0x000000ea937fc630
Event: 13.294 Thread 0x00000294e1e87000 DEOPT UNPACKING pc=0x00000294e773822f sp=0x000000ea937fc560 mode 2
Event: 13.295 Thread 0x00000294e1e87000 Uncommon trap: trap_request=0xffffffbe fr.pc=0x00000294ef25a7f8 relative=0x0000000000000238
Event: 13.295 Thread 0x00000294e1e87000 Uncommon trap: reason=profile_predicate action=maybe_recompile pc=0x00000294ef25a7f8 method=java.lang.StringUTF16.putCharsSB([BILjava/lang/CharSequence;II)V @ 18 c2
Event: 13.295 Thread 0x00000294e1e87000 DEOPT PACKING pc=0x00000294ef25a7f8 sp=0x000000ea937fc5d0
Event: 13.295 Thread 0x00000294e1e87000 DEOPT UNPACKING pc=0x00000294e773822f sp=0x000000ea937fc580 mode 2
Event: 13.515 Thread 0x00000294e1e87000 Uncommon trap: trap_request=0xffffffde fr.pc=0x00000294ef4dc188 relative=0x0000000000000148
Event: 13.515 Thread 0x00000294e1e87000 Uncommon trap: reason=class_check action=maybe_recompile pc=0x00000294ef4dc188 method=java.lang.reflect.Method.equals(Ljava/lang/Object;)Z @ 5 c2
Event: 13.515 Thread 0x00000294e1e87000 DEOPT PACKING pc=0x00000294ef4dc188 sp=0x000000ea937fe010
Event: 13.515 Thread 0x00000294e1e87000 DEOPT UNPACKING pc=0x00000294e773822f sp=0x000000ea937fdf98 mode 2

Classes redefined (0 events):
No events

Internal exceptions (20 events):
Event: 4.866 Thread 0x00000294e1e87000 Exception <a 'java/lang/NoSuchMethodError'{0x00000000882fb470}: 'void java.lang.invoke.DirectMethodHandle$Holder.invokeInterface(java.lang.Object, java.lang.Object, int)'> (0x00000000882fb470) thrown at [c:/BuildAgent/work/5ff2f6c26000d570/src/hotspot/sha
Event: 4.871 Thread 0x00000294e1e87000 Exception <a 'java/lang/NoSuchMethodError'{0x00000000881143f8}: 'int java.lang.invoke.DirectMethodHandle$Holder.invokeVirtual(java.lang.Object, java.lang.Object)'> (0x00000000881143f8) thrown at [c:/BuildAgent/work/5ff2f6c26000d570/src/hotspot/share/inter
Event: 4.878 Thread 0x00000294e1e87000 Exception <a 'java/lang/IncompatibleClassChangeError'{0x0000000088149fd8}: Found class java.lang.Object, but interface was expected> (0x0000000088149fd8) thrown at [c:/BuildAgent/work/5ff2f6c26000d570/src/hotspot/share/interpreter/linkResolver.cpp, line 8
Event: 4.878 Thread 0x00000294e1e87000 Exception <a 'java/lang/NoSuchMethodError'{0x000000008814ee80}: 'void java.lang.invoke.DirectMethodHandle$Holder.invokeStatic(java.lang.Object, int, java.lang.Object)'> (0x000000008814ee80) thrown at [c:/BuildAgent/work/5ff2f6c26000d570/src/hotspot/share/
Event: 5.091 Thread 0x00000294e1e87000 Exception <a 'java/lang/NoSuchMethodError'{0x0000000087c64800}: 'java.lang.Object java.lang.invoke.DirectMethodHandle$Holder.invokeStaticInit(java.lang.Object, int, int, int, int)'> (0x0000000087c64800) thrown at [c:/BuildAgent/work/5ff2f6c26000d570/src/h
Event: 6.312 Thread 0x00000294e1e87000 Exception <a 'java/lang/NoSuchMethodError'{0x0000000087b05be0}: 'java.lang.Object java.lang.invoke.DirectMethodHandle$Holder.invokeStaticInit(java.lang.Object, java.lang.Object, int, int, int, int)'> (0x0000000087b05be0) thrown at [c:/BuildAgent/work/5ff2
Event: 6.579 Thread 0x00000294e1e87000 Implicit null exception at 0x00000294ef2a1057 to 0x00000294ef2a2252
Event: 6.741 Thread 0x00000294e1e87000 Exception <a 'java/io/FileNotFoundException'{0x000000008a7ce398}> (0x000000008a7ce398) thrown at [c:/BuildAgent/work/5ff2f6c26000d570/src/hotspot/share/prims/jni.cpp, line 615]
Event: 6.742 Thread 0x00000294e1e87000 Exception <a 'java/io/FileNotFoundException'{0x000000008a7d0310}> (0x000000008a7d0310) thrown at [c:/BuildAgent/work/5ff2f6c26000d570/src/hotspot/share/prims/jni.cpp, line 615]
Event: 6.815 Thread 0x00000294e1e87000 Exception <a 'java/lang/NoSuchMethodError'{0x000000008a4c7cd8}: 'int java.lang.invoke.DirectMethodHandle$Holder.invokeInterface(java.lang.Object, java.lang.Object, java.lang.Object, java.lang.Object)'> (0x000000008a4c7cd8) thrown at [c:/BuildAgent/work/5f
Event: 6.924 Thread 0x00000294e1e87000 Exception <a 'java/io/FileNotFoundException'{0x000000008a03d818}> (0x000000008a03d818) thrown at [c:/BuildAgent/work/5ff2f6c26000d570/src/hotspot/share/prims/jni.cpp, line 615]
Event: 7.016 Thread 0x00000294e1e87000 Implicit null exception at 0x00000294ef3fc349 to 0x00000294ef3fd0d6
Event: 7.020 Thread 0x00000294e1e87000 Implicit null exception at 0x00000294ef3ffa26 to 0x00000294ef40013a
Event: 8.683 Thread 0x00000294e1e87000 Exception <a 'sun/nio/fs/WindowsException'{0x000000008bcef6a8}> (0x000000008bcef6a8) thrown at [c:/BuildAgent/work/5ff2f6c26000d570/src/hotspot/share/prims/jni.cpp, line 615]
Event: 8.694 Thread 0x00000294e1e87000 Exception <a 'java/lang/NoSuchMethodError'{0x000000008bb133c0}: 'int java.lang.invoke.DirectMethodHandle$Holder.invokeStaticInit(java.lang.Object, java.lang.Object, java.lang.Object, java.lang.Object)'> (0x000000008bb133c0) thrown at [c:/BuildAgent/work/5
Event: 9.095 Thread 0x00000294e1e87000 Exception <a 'java/lang/NoSuchMethodError'{0x000000008b323b20}: 'java.lang.Object java.lang.invoke.DirectMethodHandle$Holder.invokeStaticInit(java.lang.Object, java.lang.Object, java.lang.Object, java.lang.Object)'> (0x000000008b323b20) thrown at [c:/Buil
Event: 9.805 Thread 0x00000294e1e87000 Exception <a 'java/lang/NoSuchMethodError'{0x00000000899d2f30}: 'java.lang.Object java.lang.invoke.DirectMethodHandle$Holder.newInvokeSpecial(java.lang.Object, java.lang.Object, int, java.lang.Object, java.lang.Object)'> (0x00000000899d2f30) thrown at [c:
Event: 10.695 Thread 0x00000294e1e87000 Exception <a 'java/lang/NoSuchMethodError'{0x000000008ca5b778}: 'void java.lang.invoke.DirectMethodHandle$Holder.invokeInterface(java.lang.Object, java.lang.Object)'> (0x000000008ca5b778) thrown at [c:/BuildAgent/work/5ff2f6c26000d570/src/hotspot/share/in
Event: 10.713 Thread 0x00000294e1e87000 Exception <a 'java/lang/NoSuchMethodError'{0x000000008c926750}: 'java.lang.Object java.lang.invoke.DirectMethodHandle$Holder.invokeStaticInit(java.lang.Object, java.lang.Object, java.lang.Object, java.lang.Object, int, int)'> (0x000000008c926750) thrown a
Event: 13.498 Thread 0x00000294e1e87000 Exception <a 'java/lang/NoSuchMethodError'{0x000000008a9ff3e8}: 'java.lang.Object java.lang.invoke.DirectMethodHandle$Holder.invokeInterface(java.lang.Object, java.lang.Object, java.lang.Object, java.lang.Object)'> (0x000000008a9ff3e8) thrown at [c:/Build

Events (20 events):
Event: 13.526 loading class org/springframework/boot/autoconfigure/web/WebProperties$Resources$Chain$Strategy
Event: 13.526 loading class org/springframework/boot/autoconfigure/web/WebProperties$Resources$Chain$Strategy done
Event: 13.527 loading class org/springframework/boot/autoconfigure/web/WebProperties$Resources$Chain$Strategy$Fixed
Event: 13.527 loading class org/springframework/boot/autoconfigure/web/WebProperties$Resources$Chain$Strategy$Fixed done
Event: 13.528 loading class org/springframework/boot/autoconfigure/web/WebProperties$Resources$Chain$Strategy$Content
Event: 13.528 loading class org/springframework/boot/autoconfigure/web/WebProperties$Resources$Chain$Strategy$Content done
Event: 13.529 loading class org/springframework/boot/autoconfigure/web/WebProperties$Resources$Cache
Event: 13.529 loading class org/springframework/boot/autoconfigure/web/WebProperties$Resources$Cache done
Event: 13.531 loading class org/springframework/boot/autoconfigure/web/WebProperties$Resources$Cache$Cachecontrol
Event: 13.531 loading class org/springframework/boot/autoconfigure/web/WebProperties$Resources$Cache$Cachecontrol done
Event: 13.536 loading class org/springframework/http/HttpStatus$Series
Event: 13.536 loading class org/springframework/http/HttpStatus$Series done
Event: 13.537 loading class org/springframework/http/HttpStatus
Event: 13.537 loading class org/springframework/http/HttpStatus done
Event: 13.541 loading class org/springframework/boot/web/error/ErrorAttributeOptions
Event: 13.541 loading class org/springframework/boot/web/error/ErrorAttributeOptions done
Event: 13.547 loading class org/springframework/http/ResponseEntity
Event: 13.547 loading class org/springframework/http/ResponseEntity done
Event: 13.548 loading class org/springframework/http/HttpEntity
Event: 13.548 loading class org/springframework/http/HttpEntity done


Dynamic libraries:
0x00007ff778720000 - 0x00007ff77872a000 	C:\Program Files\JetBrains\IntelliJ IDEA Community Edition 2019.3.4\jbr\bin\java.exe
0x00007ffc2c490000 - 0x00007ffc2c685000 	C:\WINDOWS\SYSTEM32\ntdll.dll
0x00007ffc2a910000 - 0x00007ffc2a9cd000 	C:\WINDOWS\System32\KERNEL32.DLL
0x00007ffc2a210000 - 0x00007ffc2a4dd000 	C:\WINDOWS\System32\KERNELBASE.dll
0x00007ffc29df0000 - 0x00007ffc29ef0000 	C:\WINDOWS\System32\ucrtbase.dll
0x00007ffc0f7e0000 - 0x00007ffc0f7f7000 	C:\Program Files\JetBrains\IntelliJ IDEA Community Edition 2019.3.4\jbr\bin\VCRUNTIME140.dll
0x00007ffc10d40000 - 0x00007ffc10d59000 	C:\Program Files\JetBrains\IntelliJ IDEA Community Edition 2019.3.4\jbr\bin\jli.dll
0x00007ffc2aa40000 - 0x00007ffc2abe0000 	C:\WINDOWS\System32\USER32.dll
0x00007ffc2a1e0000 - 0x00007ffc2a202000 	C:\WINDOWS\System32\win32u.dll
0x00007ffc2a7f0000 - 0x00007ffc2a81a000 	C:\WINDOWS\System32\GDI32.dll
0x00007ffc29c30000 - 0x00007ffc29d3b000 	C:\WINDOWS\System32\gdi32full.dll
0x00007ffc29f20000 - 0x00007ffc29fbd000 	C:\WINDOWS\System32\msvcp_win.dll
0x00007ffc12be0000 - 0x00007ffc12e7a000 	C:\WINDOWS\WinSxS\amd64_microsoft.windows.common-controls_6595b64144ccf1df_6.0.19041.1110_none_60b5254171f9507e\COMCTL32.dll
0x00007ffc2ad30000 - 0x00007ffc2adce000 	C:\WINDOWS\System32\msvcrt.dll
0x00007ffc2c320000 - 0x00007ffc2c350000 	C:\WINDOWS\System32\IMM32.DLL
0x00007ffc08ae0000 - 0x00007ffc08b7d000 	C:\Program Files\JetBrains\IntelliJ IDEA Community Edition 2019.3.4\jbr\bin\msvcp140.dll
0x00007ffbcfdf0000 - 0x00007ffbd08ad000 	C:\Program Files\JetBrains\IntelliJ IDEA Community Edition 2019.3.4\jbr\bin\server\jvm.dll
0x00007ffc2b400000 - 0x00007ffc2b4ae000 	C:\WINDOWS\System32\ADVAPI32.dll
0x00007ffc2ac90000 - 0x00007ffc2ad2c000 	C:\WINDOWS\System32\sechost.dll
0x00007ffc2bd90000 - 0x00007ffc2beb5000 	C:\WINDOWS\System32\RPCRT4.dll
0x00007ffc2aa30000 - 0x00007ffc2aa38000 	C:\WINDOWS\System32\PSAPI.DLL
0x00007ffc15d30000 - 0x00007ffc15d39000 	C:\WINDOWS\SYSTEM32\WSOCK32.dll
0x00007ffc2b5d0000 - 0x00007ffc2b63b000 	C:\WINDOWS\System32\WS2_32.dll
0x00007ffc15ad0000 - 0x00007ffc15af7000 	C:\WINDOWS\SYSTEM32\WINMM.dll
0x00007ffc1e9f0000 - 0x00007ffc1e9fa000 	C:\WINDOWS\SYSTEM32\VERSION.dll
0x00007ffc28430000 - 0x00007ffc28442000 	C:\WINDOWS\SYSTEM32\kernel.appcore.dll
0x00007ffc22050000 - 0x00007ffc22061000 	C:\Program Files\JetBrains\IntelliJ IDEA Community Edition 2019.3.4\jbr\bin\verify.dll
0x00007ffc27fc0000 - 0x00007ffc281a4000 	C:\WINDOWS\SYSTEM32\DBGHELP.DLL
0x00007ffc27f90000 - 0x00007ffc27fbc000 	C:\WINDOWS\SYSTEM32\dbgcore.DLL
0x00007ffc29ba0000 - 0x00007ffc29c22000 	C:\WINDOWS\System32\bcryptPrimitives.dll
0x00007ffc19b70000 - 0x00007ffc19b99000 	C:\Program Files\JetBrains\IntelliJ IDEA Community Edition 2019.3.4\jbr\bin\java.dll
0x00007ffc21fe0000 - 0x00007ffc21ff8000 	C:\Program Files\JetBrains\IntelliJ IDEA Community Edition 2019.3.4\jbr\bin\zip.dll
0x00007ffc250b0000 - 0x00007ffc250bb000 	C:\Program Files\JetBrains\IntelliJ IDEA Community Edition 2019.3.4\jbr\bin\jimage.dll
0x00007ffc2b640000 - 0x00007ffc2bd84000 	C:\WINDOWS\System32\SHELL32.dll
0x00007ffc275a0000 - 0x00007ffc27d34000 	C:\WINDOWS\SYSTEM32\windows.storage.dll
0x00007ffc2bfc0000 - 0x00007ffc2c314000 	C:\WINDOWS\System32\combase.dll
0x00007ffc29590000 - 0x00007ffc295bc000 	C:\WINDOWS\SYSTEM32\Wldp.dll
0x00007ffc2a740000 - 0x00007ffc2a7ed000 	C:\WINDOWS\System32\SHCORE.dll
0x00007ffc2a610000 - 0x00007ffc2a665000 	C:\WINDOWS\System32\shlwapi.dll
0x00007ffc29ae0000 - 0x00007ffc29aff000 	C:\WINDOWS\SYSTEM32\profapi.dll
0x00007ffc207a0000 - 0x00007ffc207ba000 	C:\Program Files\JetBrains\IntelliJ IDEA Community Edition 2019.3.4\jbr\bin\net.dll
0x00007ffc27d50000 - 0x00007ffc27e5a000 	C:\WINDOWS\SYSTEM32\WINHTTP.dll
0x00007ffc292f0000 - 0x00007ffc2935a000 	C:\WINDOWS\system32\mswsock.dll
0x00007ffc19a10000 - 0x00007ffc19a24000 	C:\Program Files\JetBrains\IntelliJ IDEA Community Edition 2019.3.4\jbr\bin\nio.dll
0x00007ffc22380000 - 0x00007ffc2238a000 	C:\Program Files\JetBrains\IntelliJ IDEA Community Edition 2019.3.4\jbr\bin\management.dll
0x00007ffc22360000 - 0x00007ffc2236c000 	C:\Program Files\JetBrains\IntelliJ IDEA Community Edition 2019.3.4\jbr\bin\management_ext.dll
0x00007ffc128c0000 - 0x00007ffc128d7000 	C:\WINDOWS\system32\napinsp.dll
0x00007ffc12510000 - 0x00007ffc1252b000 	C:\WINDOWS\system32\pnrpnsp.dll
0x00007ffc245f0000 - 0x00007ffc24605000 	C:\WINDOWS\system32\wshbth.dll
0x00007ffc24210000 - 0x00007ffc2422d000 	C:\WINDOWS\system32\NLAapi.dll
0x00007ffc28fe0000 - 0x00007ffc2901b000 	C:\WINDOWS\SYSTEM32\IPHLPAPI.DLL
0x00007ffc29020000 - 0x00007ffc290eb000 	C:\WINDOWS\SYSTEM32\DNSAPI.dll
0x00007ffc2bec0000 - 0x00007ffc2bec8000 	C:\WINDOWS\System32\NSI.dll
0x00007ffc13680000 - 0x00007ffc13692000 	C:\WINDOWS\System32\winrnr.dll
0x00007ffc227d0000 - 0x00007ffc227da000 	C:\Windows\System32\rasadhlp.dll
0x00007ffc1f2a0000 - 0x00007ffc1f320000 	C:\WINDOWS\System32\fwpuclnt.dll
0x00007ffc29ef0000 - 0x00007ffc29f17000 	C:\WINDOWS\System32\bcrypt.dll
0x00007ffc294e0000 - 0x00007ffc294f8000 	C:\WINDOWS\SYSTEM32\CRYPTSP.dll
0x00007ffc28c10000 - 0x00007ffc28c44000 	C:\WINDOWS\system32\rsaenh.dll
0x00007ffc29a60000 - 0x00007ffc29a8e000 	C:\WINDOWS\SYSTEM32\USERENV.dll
0x00007ffc29500000 - 0x00007ffc2950c000 	C:\WINDOWS\SYSTEM32\CRYPTBASE.dll
0x00007ffc22cd0000 - 0x00007ffc22ce7000 	C:\WINDOWS\SYSTEM32\dhcpcsvc6.DLL
0x00007ffc222c0000 - 0x00007ffc222dd000 	C:\WINDOWS\SYSTEM32\dhcpcsvc.DLL
0x00007ffc10e10000 - 0x00007ffc10e38000 	C:\Program Files\JetBrains\IntelliJ IDEA Community Edition 2019.3.4\jbr\bin\sunec.dll

dbghelp: loaded successfully - version: 4.0.5 - missing functions: none
symbol engine: initialized successfully - sym options: 0x614 - pdb path: .;C:\Program Files\JetBrains\IntelliJ IDEA Community Edition 2019.3.4\jbr\bin;C:\WINDOWS\SYSTEM32;C:\WINDOWS\WinSxS\amd64_microsoft.windows.common-controls_6595b64144ccf1df_6.0.19041.1110_none_60b5254171f9507e;C:\Program Files\JetBrains\IntelliJ IDEA Community Edition 2019.3.4\jbr\bin\server

VM Arguments:
jvm_args: -Dfile.encoding=x-windows-949 -Duser.country=KR -Duser.language=ko -Duser.variant 
java_command: ItsTime5.Application
java_class_path (initial): C:\Users\박정운\OneDrive\바탕 화면\Backend Project\0605\build\classes\java\main;C:\Users\박정운\OneDrive\바탕 화면\Backend Project\0605\build\resources\main;C:\Users\박정운\.gradle\caches\modules-2\files-2.1\org.springframework.boot\spring-boot-starter-data-jpa\2.7.0\773d8c4fbe92493655f4c7db3a2d95388b8f6eb8\spring-boot-starter-data-jpa-2.7.0.jar;C:\Users\박정운\.gradle\caches\modules-2\files-2.1\org.springframework.boot\spring-boot-starter-web\2.7.0\7bf2381d030023970b5375c1090545e480467aa1\spring-boot-starter-web-2.7.0.jar;C:\Users\박정운\.gradle\caches\modules-2\files-2.1\org.springframework.boot\spring-boot-starter-validation\2.7.0\1a7d12c3b10ec1c30ca3a6eb38d550f4a3876b31\spring-boot-starter-validation-2.7.0.jar;C:\Users\박정운\.gradle\caches\modules-2\files-2.1\junit\junit\4.12\2973d150c0dc1fefe998f834810d68f278ea58ec\junit-4.12.jar;C:\Users\박정운\.gradle\caches\modules-2\files-2.1\mysql\mysql-connector-java\8.0.29\16bfffda393ac4fe56f0985f1f035b37d3fc48f\mysql-connector-java-8.0.29.jar;C:\Users\박정운\.gradle\caches\modules-2\files-2.1\org.springframework.boot\spring-boot-starter-aop\2.7.0\49f204ec9672800932f8f7b344221251b1422da6\spring-boot-starter-aop-2.7.0.jar;C:\Users\박정운\.gradle\caches\modules-2\files-2.1\org.springframework.boot\spring-boot-starter-jdbc\2.7.0\dd69f21efd63a2a16d631210b5656dc30348451b\spring-boot-starter-jdbc-2.7.0.jar;C:\Users\박정운\.gradle\caches\modules-2\files-2.1\jakarta.transaction\jakarta.transaction-api\1.3.3\c4179d48720a1e87202115fbed6089bdc4195405\jakarta.transaction-api-1.3.3.jar;C:\Users\박정운\.gradle\caches\modules-2\files-2.1\jakarta.persistence\jakarta.persistence-api\2.2.3\8f6ea5daedc614f07a3654a455660145286f024e\jakarta.persistence-api-2.2.3.jar;C:\Users\박정운\.gradle\caches\modules-2\files-2.1\org.hibernate\hibernate-core\5.6.9.Final\8ec2c7b13de2fbcb19feddfb3a30932bb6a8228a\hibernate-core-5.6.9.Final.jar;C:\Users\박정운\.gradle\caches\modules-2\files-2.1\org.springframework.data\spring-dat
Launcher Type: SUN_STANDARD

[Global flags]
     intx CICompilerCount                          = 4                                         {product} {ergonomic}
     uint ConcGCThreads                            = 2                                         {product} {ergonomic}
     uint G1ConcRefinementThreads                  = 8                                         {product} {ergonomic}
   size_t G1HeapRegionSize                         = 1048576                                   {product} {ergonomic}
    uintx GCDrainStackTargetSize                   = 64                                        {product} {ergonomic}
   size_t InitialHeapSize                          = 130023424                                 {product} {ergonomic}
   size_t MarkStackSize                            = 4194304                                   {product} {ergonomic}
   size_t MaxHeapSize                              = 2078277632                                {product} {ergonomic}
   size_t MaxNewSize                               = 1246756864                                {product} {ergonomic}
   size_t MinHeapDeltaBytes                        = 1048576                                   {product} {ergonomic}
    uintx NonNMethodCodeHeapSize                   = 5836300                                {pd product} {ergonomic}
    uintx NonProfiledCodeHeapSize                  = 122910970                              {pd product} {ergonomic}
    uintx ProfiledCodeHeapSize                     = 122910970                              {pd product} {ergonomic}
    uintx ReservedCodeCacheSize                    = 251658240                              {pd product} {ergonomic}
     bool SegmentedCodeCache                       = true                                      {product} {ergonomic}
     bool UseCompressedClassPointers               = true                                 {lp64_product} {ergonomic}
     bool UseCompressedOops                        = true                                 {lp64_product} {ergonomic}
     bool UseG1GC                                  = true                                      {product} {ergonomic}
     bool UseLargePagesIndividualAllocation        = false                                  {pd product} {ergonomic}

Logging:
Log output configuration:
 #0: stdout all=warning uptime,level,tags
 #1: stderr all=off uptime,level,tags

Environment Variables:
JAVA_HOME=C:\Program Files\Amazon Corretto\jdk11.0.6_10
PATH=C:\Program Files\Common Files\Oracle\Java\javapath;C:\Program Files (x86)\VMware\VMware Workstation\bin\;C:\Program Files\Amazon Corretto\jdk11.0.6_10\bin;C:\WINDOWS\system32;C:\WINDOWS;C:\WINDOWS\System32\Wbem;C:\WINDOWS\System32\WindowsPowerShell\v1.0\;C:\WINDOWS\System32\OpenSSH\;C:\Program Files (x86)\QuickTime\QTSystem\;C:\Program Files\PuTTY\;C:\Program Files (x86)\GnuWin32\bin;C:\MinGW\bin;C:\Program Files\Git\cmd;C:\Program Files\dotnet\;C:\Program Files\MySQL\MySQL Shell 8.0\bin\;C:\Users\박정운\AppData\Local\Microsoft\WindowsApps;C:\Users\박정운\AppData\Local\Programs\Microsoft VS Code\bin;C:\ProgramData\박정운\GitHubDesktop\bin;C:\Users\박정운\AppData\Local\GitHubDesktop\bin;C:\Users\박정운\.dotnet\tools;C:\Users\박정운\AppData\Local\gitkraken\bin
USERNAME=박정운
OS=Windows_NT
PROCESSOR_IDENTIFIER=Intel64 Family 6 Model 126 Stepping 5, GenuineIntel



---------------  S Y S T E M  ---------------

OS: Windows 10 , 64 bit Build 19041 (10.0.19041.1706)

CPU:total 8 (initial active 8) (4 cores per cpu, 2 threads per core) family 6 model 126 stepping 5, cmov, cx8, fxsr, mmx, sse, sse2, sse3, ssse3, sse4.1, sse4.2, popcnt, avx, avx2, aes, clmul, erms, 3dnowpref, lzcnt, ht, tsc, tscinvbit, bmi1, bmi2, adx, evex, sha, fma

Memory: 4k page, system-wide physical 7926M (994M free)
TotalPageFile size 16118M (AvailPageFile size 4011M)
current process WorkingSet (physical memory assigned to process): 318M, peak: 329M
current process commit charge ("private bytes"): 373M, peak: 385M

vm_info: OpenJDK 64-Bit Server VM (11.0.6+8-b520.43) for windows-amd64 JRE (11.0.6+8-b520.43), built on Feb  3 2020 14:18:56 by "" with MS VC++ 14.0 (VS2015)

END.
